This file contains any messages produced by compilers while
running configure, to aid debugging if configure makes a mistake.

It was created by libssh2 configure -, which was
generated by GNU Autoconf 2.69.  Invocation command line was

  $ /Users/rizwan/Desktop/MsngrBot/GroupFlixx/node_modules/nodegit/vendor/libssh2/configure --with-libssl-prefix=/Users/rizwan/Desktop/MsngrBot/GroupFlixx/node_modules/nodegit/vendor/openssl/openssl

## --------- ##
## Platform. ##
## --------- ##

hostname = rizwans-Mac.local
uname -m = x86_64
uname -r = 16.6.0
uname -s = Darwin
uname -v = Darwin Kernel Version 16.6.0: Fri Apr 14 16:21:16 PDT 2017; root:xnu-3789.60.24~6/RELEASE_X86_64

/usr/bin/uname -p = i386
/bin/uname -X     = unknown

/bin/arch              = unknown
/usr/bin/arch -k       = unknown
/usr/convex/getsysinfo = unknown
/usr/bin/hostinfo      = Mach kernel version:
	 Darwin Kernel Version 16.6.0: Fri Apr 14 16:21:16 PDT 2017; root:xnu-3789.60.24~6/RELEASE_X86_64
Kernel configured for up to 2 processors.
2 processors are physically available.
2 processors are logically available.
Processor type: i486 (Intel 80486)
Processors active: 0 1
Primary memory available: 8.00 gigabytes
Default processor set: 258 tasks, 1065 threads, 2 processors
Load average: 9.79, Mach factor: 0.21
/bin/machine           = unknown
/usr/bin/oslevel       = unknown
/bin/universe          = unknown

PATH: /usr/local/lib/node_modules/npm/bin/node-gyp-bin
PATH: /Users/rizwan/Desktop/MsngrBot/GroupFlixx/node_modules/nodegit/node_modules/.bin
PATH: /Users/rizwan/Desktop/MsngrBot/GroupFlixx/node_modules/.bin
PATH: /usr/local/opt/android-sdk/build-tools/19.1.0
PATH: /usr/local/opt/android-sdk/platform-tools
PATH: /usr/local/opt/android-sdk/tools
PATH: /usr/local/opt/gradle/bin
PATH: /usr/local/opt/maven/bin
PATH: /usr/local/opt/ant/bin
PATH: /Library/Frameworks/Python.framework/Versions/3.5/bin
PATH: /Library/Frameworks/Python.framework/Versions/3.6/bin
PATH: /Applications/anaconda/bin
PATH: /usr/local/bin
PATH: /usr/bin
PATH: /bin
PATH: /usr/sbin
PATH: /sbin
PATH: /usr/local/opt/android-sdk/build-tools/19.1.0
PATH: /usr/local/opt/android-sdk/platform-tools
PATH: /usr/local/opt/android-sdk/tools
PATH: /usr/local/opt/gradle/bin
PATH: /usr/local/opt/maven/bin
PATH: /usr/local/opt/ant/bin
PATH: /Library/Frameworks/Python.framework/Versions/3.5/bin
PATH: /Library/Frameworks/Python.framework/Versions/3.6/bin
PATH: /Applications/anaconda/bin


## ----------- ##
## Core tests. ##
## ----------- ##

configure:2324: checking whether to enable maintainer-specific portions of Makefiles
configure:2333: result: no
configure:2349: checking for sed
configure:2368: found /usr/bin/sed
configure:2381: result: /usr/bin/sed
configure:2442: checking for a BSD-compatible install
configure:2510: result: /usr/bin/install -c
configure:2521: checking whether build environment is sane
configure:2571: result: yes
configure:2712: checking for a thread-safe mkdir -p
configure:2751: result: ./install-sh -c -d
configure:2764: checking for gawk
configure:2794: result: no
configure:2764: checking for mawk
configure:2794: result: no
configure:2764: checking for nawk
configure:2794: result: no
configure:2764: checking for awk
configure:2780: found /usr/bin/awk
configure:2791: result: awk
configure:2802: checking whether make sets $(MAKE)
configure:2824: result: yes
configure:2904: checking libssh2 version
configure:2906: result: 1.4.3
configure:2917: checking build system type
configure:2931: result: x86_64-apple-darwin16.6.0
configure:2951: checking host system type
configure:2964: result: x86_64-apple-darwin16.6.0
configure:2991: autobuild project... libssh2
configure:2997: autobuild revision... 1.4.3
configure:3002: autobuild hostname... rizwans-Mac.local
configure:3013: autobuild timestamp... 20170630-192457
configure:3054: checking for style of include used by make
configure:3082: result: GNU
configure:3153: checking for gcc
configure:3169: found /usr/bin/gcc
configure:3180: result: gcc
configure:3409: checking for C compiler version
configure:3418: gcc --version >&5
Apple LLVM version 8.1.0 (clang-802.0.42)
Target: x86_64-apple-darwin16.6.0
Thread model: posix
InstalledDir: /Applications/Xcode.app/Contents/Developer/Toolchains/XcodeDefault.xctoolchain/usr/bin
Configured with: --prefix=/Applications/Xcode.app/Contents/Developer/usr --with-gxx-include-dir=/Applications/Xcode.app/Contents/Developer/Platforms/MacOSX.platform/Developer/SDKs/MacOSX10.12.sdk/usr/include/c++/4.2.1
configure:3429: $? = 0
configure:3418: gcc -v >&5
Configured with: --prefix=/Applications/Xcode.app/Contents/Developer/usr --with-gxx-include-dir=/Applications/Xcode.app/Contents/Developer/Platforms/MacOSX.platform/Developer/SDKs/MacOSX10.12.sdk/usr/include/c++/4.2.1
Apple LLVM version 8.1.0 (clang-802.0.42)
Target: x86_64-apple-darwin16.6.0
Thread model: posix
InstalledDir: /Applications/Xcode.app/Contents/Developer/Toolchains/XcodeDefault.xctoolchain/usr/bin
configure:3429: $? = 0
configure:3418: gcc -V >&5
clang: error: argument to '-V' is missing (expected 1 value)
clang: error: no input files
configure:3429: $? = 1
configure:3418: gcc -qversion >&5
clang: error: unknown argument: '-qversion'
clang: error: no input files
configure:3429: $? = 1
configure:3449: checking whether the C compiler works
configure:3471: gcc  -DLIBSSH2_DARWIN -I/Users/rizwan/Desktop/MsngrBot/GroupFlixx/node_modules/nodegit/vendor/openssl/openssl/include  conftest.c  >&5
configure:3475: $? = 0
configure:3523: result: yes
configure:3526: checking for C compiler default output file name
configure:3528: result: a.out
configure:3534: checking for suffix of executables
configure:3541: gcc -o conftest  -DLIBSSH2_DARWIN -I/Users/rizwan/Desktop/MsngrBot/GroupFlixx/node_modules/nodegit/vendor/openssl/openssl/include  conftest.c  >&5
configure:3545: $? = 0
configure:3567: result: 
configure:3589: checking whether we are cross compiling
configure:3597: gcc -o conftest  -DLIBSSH2_DARWIN -I/Users/rizwan/Desktop/MsngrBot/GroupFlixx/node_modules/nodegit/vendor/openssl/openssl/include  conftest.c  >&5
configure:3601: $? = 0
configure:3608: ./conftest
configure:3612: $? = 0
configure:3627: result: no
configure:3632: checking for suffix of object files
configure:3654: gcc -c  -DLIBSSH2_DARWIN -I/Users/rizwan/Desktop/MsngrBot/GroupFlixx/node_modules/nodegit/vendor/openssl/openssl/include conftest.c >&5
configure:3658: $? = 0
configure:3679: result: o
configure:3683: checking whether we are using the GNU C compiler
configure:3702: gcc -c  -DLIBSSH2_DARWIN -I/Users/rizwan/Desktop/MsngrBot/GroupFlixx/node_modules/nodegit/vendor/openssl/openssl/include conftest.c >&5
configure:3702: $? = 0
configure:3711: result: yes
configure:3720: checking whether gcc accepts -g
configure:3740: gcc -c -g -I/Users/rizwan/Desktop/MsngrBot/GroupFlixx/node_modules/nodegit/vendor/openssl/openssl/include conftest.c >&5
configure:3740: $? = 0
configure:3781: result: yes
configure:3798: checking for gcc option to accept ISO C89
configure:3861: gcc  -c  -DLIBSSH2_DARWIN -I/Users/rizwan/Desktop/MsngrBot/GroupFlixx/node_modules/nodegit/vendor/openssl/openssl/include conftest.c >&5
configure:3861: $? = 0
configure:3874: result: none needed
configure:3896: checking dependency style of gcc
configure:4007: result: none
configure:4028: checking how to run the C preprocessor
configure:4059: gcc -E -I/Users/rizwan/Desktop/MsngrBot/GroupFlixx/node_modules/nodegit/vendor/openssl/openssl/include conftest.c
configure:4059: $? = 0
configure:4073: gcc -E -I/Users/rizwan/Desktop/MsngrBot/GroupFlixx/node_modules/nodegit/vendor/openssl/openssl/include conftest.c
conftest.c:11:10: fatal error: 'ac_nonexistent.h' file not found
#include <ac_nonexistent.h>
         ^
1 error generated.
configure:4073: $? = 1
configure: failed program was:
| /* confdefs.h */
| #define PACKAGE_NAME "libssh2"
| #define PACKAGE_TARNAME "libssh2"
| #define PACKAGE_VERSION "-"
| #define PACKAGE_STRING "libssh2 -"
| #define PACKAGE_BUGREPORT "libssh2-devel@cool.haxx.se"
| #define PACKAGE_URL ""
| #define PACKAGE "libssh2"
| #define VERSION "-"
| /* end confdefs.h.  */
| #include <ac_nonexistent.h>
configure:4098: result: gcc -E
configure:4118: gcc -E -I/Users/rizwan/Desktop/MsngrBot/GroupFlixx/node_modules/nodegit/vendor/openssl/openssl/include conftest.c
configure:4118: $? = 0
configure:4132: gcc -E -I/Users/rizwan/Desktop/MsngrBot/GroupFlixx/node_modules/nodegit/vendor/openssl/openssl/include conftest.c
conftest.c:11:10: fatal error: 'ac_nonexistent.h' file not found
#include <ac_nonexistent.h>
         ^
1 error generated.
configure:4132: $? = 1
configure: failed program was:
| /* confdefs.h */
| #define PACKAGE_NAME "libssh2"
| #define PACKAGE_TARNAME "libssh2"
| #define PACKAGE_VERSION "-"
| #define PACKAGE_STRING "libssh2 -"
| #define PACKAGE_BUGREPORT "libssh2-devel@cool.haxx.se"
| #define PACKAGE_URL ""
| #define PACKAGE "libssh2"
| #define VERSION "-"
| /* end confdefs.h.  */
| #include <ac_nonexistent.h>
configure:4161: checking for grep that handles long lines and -e
configure:4219: result: /usr/bin/grep
configure:4224: checking for egrep
configure:4286: result: /usr/bin/grep -E
configure:4291: checking for ANSI C header files
configure:4311: gcc -c  -DLIBSSH2_DARWIN -I/Users/rizwan/Desktop/MsngrBot/GroupFlixx/node_modules/nodegit/vendor/openssl/openssl/include conftest.c >&5
configure:4311: $? = 0
configure:4384: gcc -o conftest  -DLIBSSH2_DARWIN -I/Users/rizwan/Desktop/MsngrBot/GroupFlixx/node_modules/nodegit/vendor/openssl/openssl/include  conftest.c  >&5
configure:4384: $? = 0
configure:4384: ./conftest
configure:4384: $? = 0
configure:4395: result: yes
configure:4408: checking for sys/types.h
configure:4408: gcc -c  -DLIBSSH2_DARWIN -I/Users/rizwan/Desktop/MsngrBot/GroupFlixx/node_modules/nodegit/vendor/openssl/openssl/include conftest.c >&5
configure:4408: $? = 0
configure:4408: result: yes
configure:4408: checking for sys/stat.h
configure:4408: gcc -c  -DLIBSSH2_DARWIN -I/Users/rizwan/Desktop/MsngrBot/GroupFlixx/node_modules/nodegit/vendor/openssl/openssl/include conftest.c >&5
configure:4408: $? = 0
configure:4408: result: yes
configure:4408: checking for stdlib.h
configure:4408: gcc -c  -DLIBSSH2_DARWIN -I/Users/rizwan/Desktop/MsngrBot/GroupFlixx/node_modules/nodegit/vendor/openssl/openssl/include conftest.c >&5
configure:4408: $? = 0
configure:4408: result: yes
configure:4408: checking for string.h
configure:4408: gcc -c  -DLIBSSH2_DARWIN -I/Users/rizwan/Desktop/MsngrBot/GroupFlixx/node_modules/nodegit/vendor/openssl/openssl/include conftest.c >&5
configure:4408: $? = 0
configure:4408: result: yes
configure:4408: checking for memory.h
configure:4408: gcc -c  -DLIBSSH2_DARWIN -I/Users/rizwan/Desktop/MsngrBot/GroupFlixx/node_modules/nodegit/vendor/openssl/openssl/include conftest.c >&5
configure:4408: $? = 0
configure:4408: result: yes
configure:4408: checking for strings.h
configure:4408: gcc -c  -DLIBSSH2_DARWIN -I/Users/rizwan/Desktop/MsngrBot/GroupFlixx/node_modules/nodegit/vendor/openssl/openssl/include conftest.c >&5
configure:4408: $? = 0
configure:4408: result: yes
configure:4408: checking for inttypes.h
configure:4408: gcc -c  -DLIBSSH2_DARWIN -I/Users/rizwan/Desktop/MsngrBot/GroupFlixx/node_modules/nodegit/vendor/openssl/openssl/include conftest.c >&5
configure:4408: $? = 0
configure:4408: result: yes
configure:4408: checking for stdint.h
configure:4408: gcc -c  -DLIBSSH2_DARWIN -I/Users/rizwan/Desktop/MsngrBot/GroupFlixx/node_modules/nodegit/vendor/openssl/openssl/include conftest.c >&5
configure:4408: $? = 0
configure:4408: result: yes
configure:4408: checking for unistd.h
configure:4408: gcc -c  -DLIBSSH2_DARWIN -I/Users/rizwan/Desktop/MsngrBot/GroupFlixx/node_modules/nodegit/vendor/openssl/openssl/include conftest.c >&5
configure:4408: $? = 0
configure:4408: result: yes
configure:4420: checking for long long
configure:4420: gcc -c  -DLIBSSH2_DARWIN -I/Users/rizwan/Desktop/MsngrBot/GroupFlixx/node_modules/nodegit/vendor/openssl/openssl/include conftest.c >&5
configure:4420: $? = 0
configure:4420: gcc -c  -DLIBSSH2_DARWIN -I/Users/rizwan/Desktop/MsngrBot/GroupFlixx/node_modules/nodegit/vendor/openssl/openssl/include conftest.c >&5
conftest.c:57:24: error: expected expression
if (sizeof ((long long)))
                       ^
1 error generated.
configure:4420: $? = 1
configure: failed program was:
| /* confdefs.h */
| #define PACKAGE_NAME "libssh2"
| #define PACKAGE_TARNAME "libssh2"
| #define PACKAGE_VERSION "-"
| #define PACKAGE_STRING "libssh2 -"
| #define PACKAGE_BUGREPORT "libssh2-devel@cool.haxx.se"
| #define PACKAGE_URL ""
| #define PACKAGE "libssh2"
| #define VERSION "-"
| #define STDC_HEADERS 1
| #define HAVE_SYS_TYPES_H 1
| #define HAVE_SYS_STAT_H 1
| #define HAVE_STDLIB_H 1
| #define HAVE_STRING_H 1
| #define HAVE_MEMORY_H 1
| #define HAVE_STRINGS_H 1
| #define HAVE_INTTYPES_H 1
| #define HAVE_STDINT_H 1
| #define HAVE_UNISTD_H 1
| /* end confdefs.h.  */
| #include <stdio.h>
| #ifdef HAVE_SYS_TYPES_H
| # include <sys/types.h>
| #endif
| #ifdef HAVE_SYS_STAT_H
| # include <sys/stat.h>
| #endif
| #ifdef STDC_HEADERS
| # include <stdlib.h>
| # include <stddef.h>
| #else
| # ifdef HAVE_STDLIB_H
| #  include <stdlib.h>
| # endif
| #endif
| #ifdef HAVE_STRING_H
| # if !defined STDC_HEADERS && defined HAVE_MEMORY_H
| #  include <memory.h>
| # endif
| # include <string.h>
| #endif
| #ifdef HAVE_STRINGS_H
| # include <strings.h>
| #endif
| #ifdef HAVE_INTTYPES_H
| # include <inttypes.h>
| #endif
| #ifdef HAVE_STDINT_H
| # include <stdint.h>
| #endif
| #ifdef HAVE_UNISTD_H
| # include <unistd.h>
| #endif
| int
| main ()
| {
| if (sizeof ((long long)))
| 	    return 0;
|   ;
|   return 0;
| }
configure:4420: result: yes
configure:4432: checking if _REENTRANT is already defined
configure:4454: gcc -c  -DLIBSSH2_DARWIN -I/Users/rizwan/Desktop/MsngrBot/GroupFlixx/node_modules/nodegit/vendor/openssl/openssl/include conftest.c >&5
conftest.c:32:7: error: use of undeclared identifier 'force'
      force compilation error
      ^
1 error generated.
configure:4454: $? = 1
configure: failed program was:
| /* confdefs.h */
| #define PACKAGE_NAME "libssh2"
| #define PACKAGE_TARNAME "libssh2"
| #define PACKAGE_VERSION "-"
| #define PACKAGE_STRING "libssh2 -"
| #define PACKAGE_BUGREPORT "libssh2-devel@cool.haxx.se"
| #define PACKAGE_URL ""
| #define PACKAGE "libssh2"
| #define VERSION "-"
| #define STDC_HEADERS 1
| #define HAVE_SYS_TYPES_H 1
| #define HAVE_SYS_STAT_H 1
| #define HAVE_STDLIB_H 1
| #define HAVE_STRING_H 1
| #define HAVE_MEMORY_H 1
| #define HAVE_STRINGS_H 1
| #define HAVE_INTTYPES_H 1
| #define HAVE_STDINT_H 1
| #define HAVE_UNISTD_H 1
| #define HAVE_LONGLONG 1
| /* end confdefs.h.  */
| 
| 
| 
| int
| main ()
| {
| 
| #ifdef _REENTRANT
|       int dummy=1;
| #else
|       force compilation error
| #endif
| 
|   ;
|   return 0;
| }
| 
configure:4462: result: no
configure:4470: checking if _REENTRANT is actually needed
configure:4487: result: no
configure:4492: checking if _REENTRANT is onwards defined
configure:4509: result: no
configure:4516: checking for library containing socket
configure:4547: gcc -o conftest  -DLIBSSH2_DARWIN -I/Users/rizwan/Desktop/MsngrBot/GroupFlixx/node_modules/nodegit/vendor/openssl/openssl/include  conftest.c  >&5
configure:4547: $? = 0
configure:4564: result: none required
configure:4574: checking for library containing inet_addr
configure:4605: gcc -o conftest  -DLIBSSH2_DARWIN -I/Users/rizwan/Desktop/MsngrBot/GroupFlixx/node_modules/nodegit/vendor/openssl/openssl/include  conftest.c  >&5
configure:4605: $? = 0
configure:4622: result: none required
configure:4681: checking for gcc
configure:4708: result: gcc
configure:4937: checking for C compiler version
configure:4946: gcc --version >&5
Apple LLVM version 8.1.0 (clang-802.0.42)
Target: x86_64-apple-darwin16.6.0
Thread model: posix
InstalledDir: /Applications/Xcode.app/Contents/Developer/Toolchains/XcodeDefault.xctoolchain/usr/bin
Configured with: --prefix=/Applications/Xcode.app/Contents/Developer/usr --with-gxx-include-dir=/Applications/Xcode.app/Contents/Developer/Platforms/MacOSX.platform/Developer/SDKs/MacOSX10.12.sdk/usr/include/c++/4.2.1
configure:4957: $? = 0
configure:4946: gcc -v >&5
Configured with: --prefix=/Applications/Xcode.app/Contents/Developer/usr --with-gxx-include-dir=/Applications/Xcode.app/Contents/Developer/Platforms/MacOSX.platform/Developer/SDKs/MacOSX10.12.sdk/usr/include/c++/4.2.1
Apple LLVM version 8.1.0 (clang-802.0.42)
Target: x86_64-apple-darwin16.6.0
Thread model: posix
InstalledDir: /Applications/Xcode.app/Contents/Developer/Toolchains/XcodeDefault.xctoolchain/usr/bin
configure:4957: $? = 0
configure:4946: gcc -V >&5
clang: error: argument to '-V' is missing (expected 1 value)
clang: error: no input files
configure:4957: $? = 1
configure:4946: gcc -qversion >&5
clang: error: unknown argument: '-qversion'
clang: error: no input files
configure:4957: $? = 1
configure:4961: checking whether we are using the GNU C compiler
configure:4989: result: yes
configure:4998: checking whether gcc accepts -g
configure:5059: result: yes
configure:5076: checking for gcc option to accept ISO C89
configure:5152: result: none needed
configure:5174: checking dependency style of gcc
configure:5285: result: none
configure:5301: checking whether ln -s works
configure:5305: result: yes
configure:5312: checking whether make sets $(MAKE)
configure:5334: result: yes
configure:5347: checking for sshd
configure:5365: found /usr/sbin/sshd
configure:5377: result: /usr/sbin/sshd
configure:5745: checking how to print strings
configure:5772: result: printf
configure:5793: checking for a sed that does not truncate output
configure:5857: result: /usr/bin/sed
configure:5875: checking for fgrep
configure:5937: result: /usr/bin/grep -F
configure:5972: checking for ld used by gcc
configure:6039: result: /Applications/Xcode.app/Contents/Developer/Toolchains/XcodeDefault.xctoolchain/usr/bin/ld
configure:6046: checking if the linker (/Applications/Xcode.app/Contents/Developer/Toolchains/XcodeDefault.xctoolchain/usr/bin/ld) is GNU ld
configure:6061: result: no
configure:6073: checking for BSD- or MS-compatible name lister (nm)
configure:6122: result: /usr/bin/nm -B
configure:6252: checking the name lister (/usr/bin/nm -B) interface
configure:6259: gcc -c  -DLIBSSH2_DARWIN -I/Users/rizwan/Desktop/MsngrBot/GroupFlixx/node_modules/nodegit/vendor/openssl/openssl/include conftest.c >&5
configure:6262: /usr/bin/nm -B "conftest.o"
configure:6265: output
0000000000000000 S _some_variable
configure:6272: result: BSD nm
configure:6276: checking the maximum length of command line arguments
configure:6406: result: 196608
configure:6423: checking whether the shell understands some XSI constructs
configure:6433: result: yes
configure:6437: checking whether the shell understands "+="
configure:6443: result: yes
configure:6478: checking how to convert x86_64-apple-darwin16.6.0 file names to x86_64-apple-darwin16.6.0 format
configure:6518: result: func_convert_file_noop
configure:6525: checking how to convert x86_64-apple-darwin16.6.0 file names to toolchain format
configure:6545: result: func_convert_file_noop
configure:6552: checking for /Applications/Xcode.app/Contents/Developer/Toolchains/XcodeDefault.xctoolchain/usr/bin/ld option to reload object files
configure:6559: result: -r
configure:6633: checking for objdump
configure:6660: result: objdump
configure:6689: checking how to recognize dependent libraries
configure:6887: result: pass_all
configure:6972: checking for dlltool
configure:6999: result: dlltool
configure:7029: checking how to associate runtime and link libraries
configure:7056: result: printf %s\n
configure:7116: checking for ar
configure:7132: found /usr/bin/ar
configure:7143: result: ar
configure:7180: checking for archiver @FILE support
configure:7197: gcc -c  -DLIBSSH2_DARWIN -I/Users/rizwan/Desktop/MsngrBot/GroupFlixx/node_modules/nodegit/vendor/openssl/openssl/include conftest.c >&5
configure:7197: $? = 0
configure:7200: ar cru libconftest.a @conftest.lst >&5
ar: @conftest.lst: No such file or directory
configure:7203: $? = 1
configure:7223: result: no
configure:7281: checking for strip
configure:7297: found /usr/bin/strip
configure:7308: result: strip
configure:7380: checking for ranlib
configure:7396: found /usr/bin/ranlib
configure:7407: result: ranlib
configure:7509: checking command to parse /usr/bin/nm -B output from gcc object
configure:7629: gcc -c  -DLIBSSH2_DARWIN -I/Users/rizwan/Desktop/MsngrBot/GroupFlixx/node_modules/nodegit/vendor/openssl/openssl/include conftest.c >&5
configure:7632: $? = 0
configure:7636: /usr/bin/nm -B conftest.o \| sed -n -e 's/^.*[ ]\([BCDEGRST][BCDEGRST]*\)[ ][ ]*\([_A-Za-z][_A-Za-z0-9]*\)$/\1 \2 \2/p' | sed '/ __gnu_lto/d' \> conftest.nm
configure:7639: $? = 0
cannot find nm_test_var in conftest.nm
configure:7629: gcc -c  -DLIBSSH2_DARWIN -I/Users/rizwan/Desktop/MsngrBot/GroupFlixx/node_modules/nodegit/vendor/openssl/openssl/include conftest.c >&5
configure:7632: $? = 0
configure:7636: /usr/bin/nm -B conftest.o \| sed -n -e 's/^.*[ ]\([BCDEGRST][BCDEGRST]*\)[ ][ ]*_\([_A-Za-z][_A-Za-z0-9]*\)$/\1 _\2 \2/p' | sed '/ __gnu_lto/d' \> conftest.nm
configure:7639: $? = 0
configure:7705: gcc -o conftest  -DLIBSSH2_DARWIN -I/Users/rizwan/Desktop/MsngrBot/GroupFlixx/node_modules/nodegit/vendor/openssl/openssl/include  conftest.c conftstm.o >&5
configure:7708: $? = 0
configure:7746: result: ok
configure:7783: checking for sysroot
configure:7813: result: no
configure:8069: checking for mt
configure:8099: result: no
configure:8119: checking if : is a manifest tool
configure:8125: : '-?'
configure:8133: result: no
configure:8189: checking for dsymutil
configure:8205: found /usr/bin/dsymutil
configure:8216: result: dsymutil
configure:8281: checking for nmedit
configure:8297: found /usr/bin/nmedit
configure:8308: result: nmedit
configure:8373: checking for lipo
configure:8389: found /usr/bin/lipo
configure:8400: result: lipo
configure:8465: checking for otool
configure:8481: found /usr/bin/otool
configure:8492: result: otool
configure:8557: checking for otool64
configure:8587: result: no
configure:8632: checking for -single_module linker flag
gcc  -DLIBSSH2_DARWIN  -o libconftest.dylib -dynamiclib -Wl,-single_module conftest.c
configure:8665: result: yes
configure:8668: checking for -exported_symbols_list linker flag
configure:8688: gcc -o conftest  -DLIBSSH2_DARWIN -I/Users/rizwan/Desktop/MsngrBot/GroupFlixx/node_modules/nodegit/vendor/openssl/openssl/include  -Wl,-exported_symbols_list,conftest.sym conftest.c  >&5
configure:8688: $? = 0
configure:8698: result: yes
configure:8701: checking for -force_load linker flag
gcc  -DLIBSSH2_DARWIN -c -o conftest.o conftest.c
ar cru libconftest.a conftest.o
ranlib libconftest.a
gcc  -DLIBSSH2_DARWIN  -o conftest conftest.c -Wl,-force_load,./libconftest.a
configure:8733: result: yes
configure:8772: checking for dlfcn.h
configure:8772: gcc -c  -DLIBSSH2_DARWIN -I/Users/rizwan/Desktop/MsngrBot/GroupFlixx/node_modules/nodegit/vendor/openssl/openssl/include conftest.c >&5
configure:8772: $? = 0
configure:8772: result: yes
configure:8976: checking for objdir
configure:8991: result: .libs
configure:9262: checking if gcc supports -fno-rtti -fno-exceptions
configure:9280: gcc -c  -DLIBSSH2_DARWIN -I/Users/rizwan/Desktop/MsngrBot/GroupFlixx/node_modules/nodegit/vendor/openssl/openssl/include -fno-rtti -fno-exceptions conftest.c >&5
configure:9284: $? = 0
configure:9297: result: yes
configure:9624: checking for gcc option to produce PIC
configure:9631: result: -fno-common -DPIC
configure:9639: checking if gcc PIC flag -fno-common -DPIC works
configure:9657: gcc -c  -DLIBSSH2_DARWIN -I/Users/rizwan/Desktop/MsngrBot/GroupFlixx/node_modules/nodegit/vendor/openssl/openssl/include -fno-common -DPIC -DPIC conftest.c >&5
configure:9661: $? = 0
configure:9674: result: yes
configure:9703: checking if gcc static flag -static works
configure:9731: result: no
configure:9746: checking if gcc supports -c -o file.o
configure:9767: gcc -c  -DLIBSSH2_DARWIN -I/Users/rizwan/Desktop/MsngrBot/GroupFlixx/node_modules/nodegit/vendor/openssl/openssl/include -o out/conftest2.o conftest.c >&5
configure:9771: $? = 0
configure:9793: result: yes
configure:9801: checking if gcc supports -c -o file.o
configure:9848: result: yes
configure:9881: checking whether the gcc linker (/Applications/Xcode.app/Contents/Developer/Toolchains/XcodeDefault.xctoolchain/usr/bin/ld) supports shared libraries
configure:11038: result: yes
configure:11278: checking dynamic linker characteristics
configure:12012: result: darwin16.6.0 dyld
configure:12119: checking how to hardcode library paths into programs
configure:12144: result: immediate
configure:12684: checking whether stripping libraries is possible
configure:12698: result: yes
configure:12724: checking if libtool supports shared libraries
configure:12726: result: yes
configure:12729: checking whether to build shared libraries
configure:12750: result: yes
configure:12753: checking whether to build static libraries
configure:12757: result: yes
configure:12794: checking whether byte ordering is bigendian
configure:12809: gcc -c  -DLIBSSH2_DARWIN -I/Users/rizwan/Desktop/MsngrBot/GroupFlixx/node_modules/nodegit/vendor/openssl/openssl/include conftest.c >&5
configure:12809: $? = 0
configure:12854: gcc -c  -DLIBSSH2_DARWIN -I/Users/rizwan/Desktop/MsngrBot/GroupFlixx/node_modules/nodegit/vendor/openssl/openssl/include conftest.c >&5
configure:12854: $? = 0
configure:12872: gcc -c  -DLIBSSH2_DARWIN -I/Users/rizwan/Desktop/MsngrBot/GroupFlixx/node_modules/nodegit/vendor/openssl/openssl/include conftest.c >&5
conftest.c:31:4: error: use of undeclared identifier 'not'
                 not big endian
                 ^
1 error generated.
configure:12872: $? = 1
configure: failed program was:
| /* confdefs.h */
| #define PACKAGE_NAME "libssh2"
| #define PACKAGE_TARNAME "libssh2"
| #define PACKAGE_VERSION "-"
| #define PACKAGE_STRING "libssh2 -"
| #define PACKAGE_BUGREPORT "libssh2-devel@cool.haxx.se"
| #define PACKAGE_URL ""
| #define PACKAGE "libssh2"
| #define VERSION "-"
| #define STDC_HEADERS 1
| #define HAVE_SYS_TYPES_H 1
| #define HAVE_SYS_STAT_H 1
| #define HAVE_STDLIB_H 1
| #define HAVE_STRING_H 1
| #define HAVE_MEMORY_H 1
| #define HAVE_STRINGS_H 1
| #define HAVE_INTTYPES_H 1
| #define HAVE_STDINT_H 1
| #define HAVE_UNISTD_H 1
| #define HAVE_LONGLONG 1
| #define HAVE_DLFCN_H 1
| #define LT_OBJDIR ".libs/"
| /* end confdefs.h.  */
| #include <sys/types.h>
| 		#include <sys/param.h>
| 
| int
| main ()
| {
| #if BYTE_ORDER != BIG_ENDIAN
| 		 not big endian
| 		#endif
| 
|   ;
|   return 0;
| }
configure:13000: result: no
configure:13026: checking for special C compiler options needed for large files
configure:13071: result: no
configure:13077: checking for _FILE_OFFSET_BITS value needed for large files
configure:13102: gcc -c  -DLIBSSH2_DARWIN -I/Users/rizwan/Desktop/MsngrBot/GroupFlixx/node_modules/nodegit/vendor/openssl/openssl/include conftest.c >&5
configure:13102: $? = 0
configure:13134: result: no
configure:13288: checking for ld used by GCC
configure:13352: result: /Applications/Xcode.app/Contents/Developer/Toolchains/XcodeDefault.xctoolchain/usr/bin/ld
configure:13359: checking if the linker (/Applications/Xcode.app/Contents/Developer/Toolchains/XcodeDefault.xctoolchain/usr/bin/ld) is GNU ld
configure:13372: result: no
configure:13379: checking for shared library run path origin
configure:13392: result: done
configure:13897: checking for libssl
configure:13916: gcc -o conftest  -DLIBSSH2_DARWIN -I/Users/rizwan/Desktop/MsngrBot/GroupFlixx/node_modules/nodegit/vendor/openssl/openssl/include  conftest.c  -lssl -lcrypto >&5
ld: library not found for -lssl
clang: error: linker command failed with exit code 1 (use -v to see invocation)
configure:13916: $? = 1
configure: failed program was:
| /* confdefs.h */
| #define PACKAGE_NAME "libssh2"
| #define PACKAGE_TARNAME "libssh2"
| #define PACKAGE_VERSION "-"
| #define PACKAGE_STRING "libssh2 -"
| #define PACKAGE_BUGREPORT "libssh2-devel@cool.haxx.se"
| #define PACKAGE_URL ""
| #define PACKAGE "libssh2"
| #define VERSION "-"
| #define STDC_HEADERS 1
| #define HAVE_SYS_TYPES_H 1
| #define HAVE_SYS_STAT_H 1
| #define HAVE_STDLIB_H 1
| #define HAVE_STRING_H 1
| #define HAVE_MEMORY_H 1
| #define HAVE_STRINGS_H 1
| #define HAVE_INTTYPES_H 1
| #define HAVE_STDINT_H 1
| #define HAVE_UNISTD_H 1
| #define HAVE_LONGLONG 1
| #define HAVE_DLFCN_H 1
| #define LT_OBJDIR ".libs/"
| /* end confdefs.h.  */
| #include <openssl/ssl.h>
| int
| main ()
| {
| 
|   ;
|   return 0;
| }
configure:13926: result: no
configure:14423: checking for libgcrypt
configure:14442: gcc -o conftest  -DLIBSSH2_DARWIN -I/Users/rizwan/Desktop/MsngrBot/GroupFlixx/node_modules/nodegit/vendor/openssl/openssl/include  conftest.c  -lgcrypt >&5
conftest.c:24:10: fatal error: 'gcrypt.h' file not found
#include <gcrypt.h>
         ^
1 error generated.
configure:14442: $? = 1
configure: failed program was:
| /* confdefs.h */
| #define PACKAGE_NAME "libssh2"
| #define PACKAGE_TARNAME "libssh2"
| #define PACKAGE_VERSION "-"
| #define PACKAGE_STRING "libssh2 -"
| #define PACKAGE_BUGREPORT "libssh2-devel@cool.haxx.se"
| #define PACKAGE_URL ""
| #define PACKAGE "libssh2"
| #define VERSION "-"
| #define STDC_HEADERS 1
| #define HAVE_SYS_TYPES_H 1
| #define HAVE_SYS_STAT_H 1
| #define HAVE_STDLIB_H 1
| #define HAVE_STRING_H 1
| #define HAVE_MEMORY_H 1
| #define HAVE_STRINGS_H 1
| #define HAVE_INTTYPES_H 1
| #define HAVE_STDINT_H 1
| #define HAVE_UNISTD_H 1
| #define HAVE_LONGLONG 1
| #define HAVE_DLFCN_H 1
| #define LT_OBJDIR ".libs/"
| /* end confdefs.h.  */
| #include <gcrypt.h>
| int
| main ()
| {
| 
|   ;
|   return 0;
| }
configure:14452: result: no
configure:14483: error: cannot find OpenSSL or Libgcrypt,
try --with-libssl-prefix=PATH or --with-libgcrypt-prefix=PATH

## ---------------- ##
## Cache variables. ##
## ---------------- ##

ac_cv_build=x86_64-apple-darwin16.6.0
ac_cv_c_bigendian=no
ac_cv_c_compiler_gnu=yes
ac_cv_env_CC_set=
ac_cv_env_CC_value=
ac_cv_env_CFLAGS_set=
ac_cv_env_CFLAGS_value=
ac_cv_env_CPPFLAGS_set=set
ac_cv_env_CPPFLAGS_value=-I/Users/rizwan/Desktop/MsngrBot/GroupFlixx/node_modules/nodegit/vendor/openssl/openssl/include
ac_cv_env_CPP_set=
ac_cv_env_CPP_value=
ac_cv_env_LDFLAGS_set=
ac_cv_env_LDFLAGS_value=
ac_cv_env_LIBS_set=
ac_cv_env_LIBS_value=
ac_cv_env_build_alias_set=
ac_cv_env_build_alias_value=
ac_cv_env_host_alias_set=
ac_cv_env_host_alias_value=
ac_cv_env_target_alias_set=
ac_cv_env_target_alias_value=
ac_cv_header_dlfcn_h=yes
ac_cv_header_inttypes_h=yes
ac_cv_header_memory_h=yes
ac_cv_header_stdc=yes
ac_cv_header_stdint_h=yes
ac_cv_header_stdlib_h=yes
ac_cv_header_string_h=yes
ac_cv_header_strings_h=yes
ac_cv_header_sys_stat_h=yes
ac_cv_header_sys_types_h=yes
ac_cv_header_unistd_h=yes
ac_cv_host=x86_64-apple-darwin16.6.0
ac_cv_libgcrypt=no
ac_cv_libssl=no
ac_cv_objext=o
ac_cv_path_EGREP='/usr/bin/grep -E'
ac_cv_path_FGREP='/usr/bin/grep -F'
ac_cv_path_GREP=/usr/bin/grep
ac_cv_path_SED=/usr/bin/sed
ac_cv_path_SSHD=/usr/sbin/sshd
ac_cv_path_install='/usr/bin/install -c'
ac_cv_prog_AWK=awk
ac_cv_prog_CPP='gcc -E'
ac_cv_prog_ac_ct_AR=ar
ac_cv_prog_ac_ct_CC=gcc
ac_cv_prog_ac_ct_DLLTOOL=dlltool
ac_cv_prog_ac_ct_DSYMUTIL=dsymutil
ac_cv_prog_ac_ct_LIPO=lipo
ac_cv_prog_ac_ct_NMEDIT=nmedit
ac_cv_prog_ac_ct_OBJDUMP=objdump
ac_cv_prog_ac_ct_OTOOL=otool
ac_cv_prog_ac_ct_RANLIB=ranlib
ac_cv_prog_ac_ct_STRIP=strip
ac_cv_prog_cc_c89=
ac_cv_prog_cc_g=yes
ac_cv_prog_make_make_set=yes
ac_cv_search_inet_addr='none required'
ac_cv_search_socket='none required'
ac_cv_sys_file_offset_bits=no
ac_cv_sys_largefile_CC=no
ac_cv_type_long_long=yes
acl_cv_hardcode_direct=no
acl_cv_hardcode_libdir_flag_spec=
acl_cv_hardcode_libdir_separator=
acl_cv_hardcode_minus_L=no
acl_cv_libext=a
acl_cv_libname_spec='lib$name'
acl_cv_library_names_spec='$libname$shrext'
acl_cv_path_LD=/Applications/Xcode.app/Contents/Developer/Toolchains/XcodeDefault.xctoolchain/usr/bin/ld
acl_cv_prog_gnu_ld=no
acl_cv_rpath=done
acl_cv_shlibext=dylib
acl_cv_wl=-Wl,
am_cv_CC_dependencies_compiler_type=none
lt_cv_apple_cc_single_mod=yes
lt_cv_ar_at_file=no
lt_cv_deplibs_check_method=pass_all
lt_cv_file_magic_cmd='$MAGIC_CMD'
lt_cv_file_magic_test_file=
lt_cv_ld_exported_symbols_list=yes
lt_cv_ld_force_load=yes
lt_cv_ld_reload_flag=-r
lt_cv_nm_interface='BSD nm'
lt_cv_objdir=.libs
lt_cv_path_LD=/Applications/Xcode.app/Contents/Developer/Toolchains/XcodeDefault.xctoolchain/usr/bin/ld
lt_cv_path_NM='/usr/bin/nm -B'
lt_cv_path_mainfest_tool=no
lt_cv_prog_compiler_c_o=yes
lt_cv_prog_compiler_pic='-fno-common -DPIC'
lt_cv_prog_compiler_pic_works=yes
lt_cv_prog_compiler_rtti_exceptions=yes
lt_cv_prog_compiler_static_works=no
lt_cv_prog_gnu_ld=no
lt_cv_sharedlib_from_linklib_cmd='printf %s\n'
lt_cv_sys_global_symbol_pipe='sed -n -e '\''s/^.*[	 ]\([BCDEGRST][BCDEGRST]*\)[	 ][	 ]*_\([_A-Za-z][_A-Za-z0-9]*\)$/\1 _\2 \2/p'\'' | sed '\''/ __gnu_lto/d'\'''
lt_cv_sys_global_symbol_to_c_name_address='sed -n -e '\''s/^: \([^ ]*\)[ ]*$/  {\"\1\", (void *) 0},/p'\'' -e '\''s/^[BCDEGRST]* \([^ ]*\) \([^ ]*\)$/  {"\2", (void *) \&\2},/p'\'''
lt_cv_sys_global_symbol_to_c_name_address_lib_prefix='sed -n -e '\''s/^: \([^ ]*\)[ ]*$/  {\"\1\", (void *) 0},/p'\'' -e '\''s/^[BCDEGRST]* \([^ ]*\) \(lib[^ ]*\)$/  {"\2", (void *) \&\2},/p'\'' -e '\''s/^[BCDEGRST]* \([^ ]*\) \([^ ]*\)$/  {"lib\2", (void *) \&\2},/p'\'''
lt_cv_sys_global_symbol_to_cdecl='sed -n -e '\''s/^T .* \(.*\)$/extern int \1();/p'\'' -e '\''s/^[BCDEGRST]* .* \(.*\)$/extern char \1;/p'\'''
lt_cv_sys_max_cmd_len=196608
lt_cv_to_host_file_cmd=func_convert_file_noop
lt_cv_to_tool_file_cmd=func_convert_file_noop

## ----------------- ##
## Output variables. ##
## ----------------- ##

ACLOCAL='${SHELL} /Users/rizwan/Desktop/MsngrBot/GroupFlixx/node_modules/nodegit/vendor/libssh2/missing --run aclocal-1.11'
ALLOCA=''
AMDEPBACKSLASH='\'
AMDEP_FALSE='#'
AMDEP_TRUE=''
AMTAR='$${TAR-tar}'
AR='ar'
AS='as'
AUTOCONF='${SHELL} /Users/rizwan/Desktop/MsngrBot/GroupFlixx/node_modules/nodegit/vendor/libssh2/missing --run autoconf'
AUTOHEADER='${SHELL} /Users/rizwan/Desktop/MsngrBot/GroupFlixx/node_modules/nodegit/vendor/libssh2/missing --run autoheader'
AUTOMAKE='${SHELL} /Users/rizwan/Desktop/MsngrBot/GroupFlixx/node_modules/nodegit/vendor/libssh2/missing --run automake-1.11'
AWK='awk'
BUILD_EXAMPLES_FALSE=''
BUILD_EXAMPLES_TRUE=''
CC='gcc'
CCDEPMODE='depmode=none'
CFLAGS=' -DLIBSSH2_DARWIN'
CPP='gcc -E'
CPPFLAGS='-I/Users/rizwan/Desktop/MsngrBot/GroupFlixx/node_modules/nodegit/vendor/openssl/openssl/include'
CYGPATH_W='echo'
DEFS=''
DEPDIR='.deps'
DLLTOOL='dlltool'
DSYMUTIL='dsymutil'
DUMPBIN=''
ECHO_C='\c'
ECHO_N=''
ECHO_T=''
EGREP='/usr/bin/grep -E'
EXEEXT=''
FGREP='/usr/bin/grep -F'
GREP='/usr/bin/grep'
HAVE_LIBGCRYPT='no'
HAVE_LIBSSL='no'
HAVE_LIBZ=''
HAVE_SYS_UN_H_FALSE=''
HAVE_SYS_UN_H_TRUE=''
INSTALL_DATA='${INSTALL} -m 644'
INSTALL_PROGRAM='${INSTALL}'
INSTALL_SCRIPT='${INSTALL}'
INSTALL_STRIP_PROGRAM='$(install_sh) -c -s'
LD='/Applications/Xcode.app/Contents/Developer/Toolchains/XcodeDefault.xctoolchain/usr/bin/ld'
LDFLAGS=''
LIBGCRYPT=''
LIBGCRYPT_FALSE=''
LIBGCRYPT_PREFIX=''
LIBGCRYPT_TRUE=''
LIBOBJS=''
LIBS=' -lgcrypt'
LIBSREQUIRED='libssl,libcrypto'
LIBSSH2VER='1.4.3'
LIBSSL=''
LIBSSL_PREFIX=''
LIBTOOL='$(SHELL) $(top_builddir)/libtool'
LIBZ=''
LIBZ_PREFIX=''
LIPO='lipo'
LN_S='ln -s'
LTLIBGCRYPT=''
LTLIBOBJS=''
LTLIBSSL=''
LTLIBZ=''
MAINT='#'
MAINTAINER_MODE_FALSE=''
MAINTAINER_MODE_TRUE='#'
MAKEINFO='${SHELL} /Users/rizwan/Desktop/MsngrBot/GroupFlixx/node_modules/nodegit/vendor/libssh2/missing --run makeinfo'
MANIFEST_TOOL=':'
MKDIR_P='./install-sh -c -d'
NM='/usr/bin/nm -B'
NMEDIT='nmedit'
OBJDUMP='objdump'
OBJEXT='o'
OTOOL64=':'
OTOOL='otool'
PACKAGE='libssh2'
PACKAGE_BUGREPORT='libssh2-devel@cool.haxx.se'
PACKAGE_NAME='libssh2'
PACKAGE_STRING='libssh2 -'
PACKAGE_TARNAME='libssh2'
PACKAGE_URL=''
PACKAGE_VERSION='-'
PATH_SEPARATOR=':'
RANLIB='ranlib'
SED='/usr/bin/sed'
SET_MAKE=''
SHELL='/bin/sh'
SSHD='/usr/sbin/sshd'
SSHD_FALSE='#'
SSHD_TRUE=''
STRIP='strip'
VERSION='-'
ac_ct_AR='ar'
ac_ct_CC='gcc'
ac_ct_DUMPBIN=''
am__EXEEXT_FALSE=''
am__EXEEXT_TRUE=''
am__fastdepCC_FALSE=''
am__fastdepCC_TRUE='#'
am__include='include'
am__isrc=''
am__leading_dot='.'
am__nodep='_no'
am__quote=''
am__tar='$${TAR-tar} chof - "$$tardir"'
am__untar='$${TAR-tar} xf -'
bindir='${exec_prefix}/bin'
build='x86_64-apple-darwin16.6.0'
build_alias=''
build_cpu='x86_64'
build_os='darwin16.6.0'
build_vendor='apple'
datadir='${datarootdir}'
datarootdir='${prefix}/share'
docdir='${datarootdir}/doc/${PACKAGE_TARNAME}'
dvidir='${docdir}'
exec_prefix='NONE'
host='x86_64-apple-darwin16.6.0'
host_alias=''
host_cpu='x86_64'
host_os='darwin16.6.0'
host_vendor='apple'
htmldir='${docdir}'
includedir='${prefix}/include'
infodir='${datarootdir}/info'
install_sh='${SHELL} /Users/rizwan/Desktop/MsngrBot/GroupFlixx/node_modules/nodegit/vendor/libssh2/install-sh'
libdir='${exec_prefix}/lib'
libexecdir='${exec_prefix}/libexec'
localedir='${datarootdir}/locale'
localstatedir='${prefix}/var'
mandir='${datarootdir}/man'
mkdir_p='$(top_builddir)/./install-sh -c -d'
oldincludedir='/usr/include'
pdfdir='${docdir}'
prefix='NONE'
program_transform_name='s,x,x,'
psdir='${docdir}'
sbindir='${exec_prefix}/sbin'
sharedstatedir='${prefix}/com'
sysconfdir='${prefix}/etc'
target_alias=''

## ----------- ##
## confdefs.h. ##
## ----------- ##

/* confdefs.h */
#define PACKAGE_NAME "libssh2"
#define PACKAGE_TARNAME "libssh2"
#define PACKAGE_VERSION "-"
#define PACKAGE_STRING "libssh2 -"
#define PACKAGE_BUGREPORT "libssh2-devel@cool.haxx.se"
#define PACKAGE_URL ""
#define PACKAGE "libssh2"
#define VERSION "-"
#define STDC_HEADERS 1
#define HAVE_SYS_TYPES_H 1
#define HAVE_SYS_STAT_H 1
#define HAVE_STDLIB_H 1
#define HAVE_STRING_H 1
#define HAVE_MEMORY_H 1
#define HAVE_STRINGS_H 1
#define HAVE_INTTYPES_H 1
#define HAVE_STDINT_H 1
#define HAVE_UNISTD_H 1
#define HAVE_LONGLONG 1
#define HAVE_DLFCN_H 1
#define LT_OBJDIR ".libs/"

configure: exit 1
